###################################
Logging started on 7/11/2014 8:37:22 PM

###################################
Logging started on 7/11/2014 8:44:55 PM

7/11/2014 8:46:21 PM: 127.0.0.1: 0x1 "Test" ('admin'): [add sigil
###################################
Logging started on 7/11/2014 8:52:24 PM

###################################
Logging started on 7/11/2014 8:57:59 PM

###################################
Logging started on 7/11/2014 9:00:41 PM

###################################
Logging started on 7/11/2014 9:02:32 PM

###################################
Logging started on 7/11/2014 9:06:22 PM

###################################
Logging started on 7/11/2014 9:07:12 PM

7/11/2014 9:10:05 PM: 127.0.0.1: 0x1 "Test" ('admin'): I wish to form an alliance
7/11/2014 9:10:13 PM: 127.0.0.1: 0x1 "Test" ('admin'): I wish to form an alliance
###################################
Logging started on 7/11/2014 9:16:58 PM

###################################
Logging started on 7/11/2014 9:27:45 PM

###################################
Logging started on 7/11/2014 9:32:05 PM

7/11/2014 9:34:55 PM: 127.0.0.1: 0x1 "Test" ('admin'): I wish to form an alliance
###################################
Logging started on 7/11/2014 9:37:52 PM

7/11/2014 9:39:42 PM: 127.0.0.1: 0x1 "Test" ('admin'): I wish to form an alliance
7/11/2014 9:40:07 PM: 127.0.0.1: 0x1 "Test" ('admin'): [props
###################################
Logging started on 7/11/2014 9:42:17 PM

###################################
Logging started on 7/11/2014 9:57:26 PM

7/11/2014 9:58:05 PM: 127.0.0.1: 0x1 "Test" ('admin'): I wish to form an alliance
7/11/2014 9:58:08 PM: 127.0.0.1: 0x1 "Test" ('admin'): I wish to form an alliance
7/11/2014 9:58:27 PM: 127.0.0.1: 0x1 "Test" ('admin'): [props
7/11/2014 10:53:12 PM: 127.0.0.1: 0x1 "Test" ('admin'): [props
