###################################
Logging started on 5/16/2014 2:57:06 AM

###################################
Logging started on 5/16/2014 4:20:49 AM

5/16/2014 4:27:24 AM: 127.0.0.1: 0x6 "Tano" ('admin'): [kill
###################################
Logging started on 5/16/2014 4:54:55 AM

###################################
Logging started on 5/16/2014 4:56:54 AM

5/16/2014 4:57:06 AM: 127.0.0.1: 0x6 "Tano" ('admin'): [kill
###################################
Logging started on 5/16/2014 5:16:50 AM

###################################
Logging started on 5/16/2014 5:21:33 AM

###################################
Logging started on 5/16/2014 5:50:21 AM

###################################
Logging started on 5/16/2014 5:53:21 AM

5/16/2014 5:53:36 AM: 127.0.0.1: 0x6 "Tano" ('admin'): [kill
###################################
Logging started on 5/16/2014 5:55:58 AM

###################################
Logging started on 5/16/2014 5:57:27 AM

###################################
Logging started on 5/16/2014 10:24:02 PM

###################################
Logging started on 5/16/2014 10:28:29 PM

###################################
Logging started on 5/16/2014 10:31:34 PM

###################################
Logging started on 5/16/2014 10:57:49 PM

5/16/2014 10:59:32 PM: 127.0.0.1: 0x6 "Tano" ('admin'): [admin
###################################
Logging started on 5/16/2014 11:48:51 PM

###################################
Logging started on 5/16/2014 11:51:57 PM

