###################################
Logging started on 11/11/2013 12:24:22 AM

###################################
Logging started on 11/11/2013 12:46:45 AM

###################################
Logging started on 11/11/2013 12:54:33 AM

###################################
Logging started on 11/11/2013 1:04:23 AM

###################################
Logging started on 11/11/2013 1:09:03 AM

###################################
Logging started on 11/11/2013 1:45:57 AM

###################################
Logging started on 11/11/2013 2:08:14 AM

###################################
Logging started on 11/11/2013 2:17:02 AM

###################################
Logging started on 11/11/2013 4:40:15 AM

###################################
Logging started on 11/11/2013 3:39:42 PM

###################################
Logging started on 11/11/2013 3:43:34 PM

11/11/2013 3:48:45 PM: 127.0.0.1: 0x3 "Egam" ('Enroq'): [perkadmin
11/11/2013 3:59:13 PM: 127.0.0.1: 0x3 "Egam" ('Enroq'): turn left
###################################
Logging started on 11/11/2013 4:00:30 PM

###################################
Logging started on 11/11/2013 4:17:15 PM

###################################
Logging started on 11/11/2013 4:48:33 PM

###################################
Logging started on 11/11/2013 5:06:44 PM

###################################
Logging started on 11/11/2013 5:12:51 PM

###################################
Logging started on 11/11/2013 5:25:16 PM

###################################
Logging started on 11/11/2013 5:51:28 PM

###################################
Logging started on 11/11/2013 6:22:17 PM

###################################
Logging started on 11/11/2013 6:40:20 PM

###################################
Logging started on 11/11/2013 6:44:44 PM

###################################
Logging started on 11/11/2013 6:52:33 PM

###################################
Logging started on 11/11/2013 6:55:27 PM

###################################
Logging started on 11/11/2013 7:06:32 PM

###################################
Logging started on 11/11/2013 8:05:01 PM

###################################
Logging started on 11/11/2013 8:14:28 PM

###################################
Logging started on 11/11/2013 8:26:10 PM

###################################
Logging started on 11/11/2013 10:11:48 PM

###################################
Logging started on 11/11/2013 10:14:03 PM

###################################
Logging started on 11/11/2013 10:23:28 PM

###################################
Logging started on 11/11/2013 10:30:37 PM

###################################
Logging started on 11/11/2013 10:32:55 PM

###################################
Logging started on 11/11/2013 11:36:00 PM

11/11/2013 11:40:40 PM: 127.0.0.1: 0x3 "Egam" ('Enroq'): [setallskills 100
11/11/2013 11:45:00 PM: 127.0.0.1: 0x3 "Egam" ('Enroq'): [get layer
