###################################
Logging started on 11/18/2013 2:00:12 AM

11/18/2013 2:02:35 AM: 127.0.0.1: 0x3 "Egam" ('Enroq'): [skills
###################################
Logging started on 11/18/2013 2:16:20 AM

###################################
Logging started on 11/18/2013 2:22:40 AM

###################################
Logging started on 11/18/2013 2:26:20 AM

###################################
Logging started on 11/18/2013 2:33:14 AM

###################################
Logging started on 11/18/2013 3:08:42 AM

###################################
Logging started on 11/18/2013 3:11:44 AM

###################################
Logging started on 11/18/2013 3:17:01 AM

###################################
Logging started on 11/18/2013 3:19:36 AM

###################################
Logging started on 11/18/2013 3:25:31 AM

###################################
Logging started on 11/18/2013 3:35:55 AM

###################################
Logging started on 11/18/2013 3:38:52 AM

###################################
Logging started on 11/18/2013 3:40:48 AM

###################################
Logging started on 11/18/2013 3:43:58 AM

###################################
Logging started on 11/18/2013 3:48:50 AM

###################################
Logging started on 11/18/2013 3:51:04 AM

11/18/2013 3:51:20 AM: 127.0.0.1: 0x3 "Egam" ('Enroq'): [perks
###################################
Logging started on 11/18/2013 3:53:27 AM

###################################
Logging started on 11/18/2013 3:54:57 AM

###################################
Logging started on 11/18/2013 4:40:21 AM

###################################
Logging started on 11/18/2013 8:33:02 AM

###################################
Logging started on 11/18/2013 8:41:04 AM

11/18/2013 8:46:59 AM: 127.0.0.1: 0x3 "Egam" ('Enroq'): [chat
###################################
Logging started on 11/18/2013 8:54:19 AM

###################################
Logging started on 11/18/2013 8:55:29 AM

11/18/2013 9:00:04 AM: 127.0.0.1: 0x3 "Egam" ('Enroq'): [admin
###################################
Logging started on 11/18/2013 9:00:27 AM

11/18/2013 9:06:31 AM: 127.0.0.1: 0x1 "Player" ('EnroqTest'): [heal
11/18/2013 9:16:12 AM: 127.0.0.1: 0x1 "Player" ('EnroqTest'): [[helpinfo
11/18/2013 9:16:42 AM: 127.0.0.1: 0x1 "Player" ('EnroqTest'): [where
11/18/2013 9:16:44 AM: 127.0.0.1: 0x1 "Player" ('EnroqTest'): [where
11/18/2013 9:19:56 AM: 127.0.0.1: 0x1 "Player" ('EnroqTest'): [add wyrm
###################################
Logging started on 11/18/2013 9:31:59 AM

###################################
Logging started on 11/18/2013 9:40:32 AM

###################################
Logging started on 11/18/2013 9:44:30 AM

###################################
Logging started on 11/18/2013 9:49:32 AM

###################################
Logging started on 11/18/2013 9:59:23 AM

###################################
Logging started on 11/18/2013 10:38:49 AM

###################################
Logging started on 11/18/2013 11:07:27 AM

###################################
Logging started on 11/18/2013 11:10:44 AM

###################################
Logging started on 11/18/2013 11:13:30 AM

###################################
Logging started on 11/18/2013 11:16:08 AM

###################################
Logging started on 11/18/2013 11:18:29 AM

###################################
Logging started on 11/18/2013 11:23:27 AM

###################################
Logging started on 11/18/2013 11:38:25 AM

###################################
Logging started on 11/18/2013 11:41:22 AM

###################################
Logging started on 11/18/2013 12:35:56 PM

11/18/2013 1:22:23 PM: 127.0.0.1: 0x3 "Ian" ('Enroq'): So, with the C# to-do list being what seems like infinite, I'm looking for someone to take over M
###################################
Logging started on 11/18/2013 1:54:26 PM

###################################
Logging started on 11/18/2013 1:59:06 PM

11/18/2013 2:00:23 PM: 127.0.0.1: 0x3 "Egam" ('Enroq'): In ort por
###################################
Logging started on 11/18/2013 3:37:16 PM

###################################
Logging started on 11/18/2013 10:21:42 PM

