###################################
Logging started on 12/16/2013 11:10:44 AM

###################################
Logging started on 12/16/2013 11:11:28 AM

12/16/2013 11:11:57 AM: 127.0.0.1: 0x1 "Test" ('Administrator'): [skills
12/16/2013 11:12:01 AM: 127.0.0.1: 0x1 "Test" ('Administrator'): [skill
12/16/2013 11:12:02 AM: 127.0.0.1: 0x1 "Test" ('Administrator'): [skills
###################################
Logging started on 12/16/2013 11:15:56 AM

###################################
Logging started on 12/16/2013 11:20:39 AM

###################################
Logging started on 12/16/2013 11:26:17 AM

###################################
Logging started on 12/16/2013 11:32:50 AM

###################################
Logging started on 12/16/2013 11:43:24 AM

###################################
Logging started on 12/16/2013 11:51:39 AM

###################################
Logging started on 12/16/2013 12:06:18 PM

###################################
Logging started on 12/16/2013 12:10:49 PM

###################################
Logging started on 12/16/2013 1:50:21 PM

