###################################
Logging started on 7/14/2014 1:00:05 AM

###################################
Logging started on 7/14/2014 1:04:09 AM

###################################
Logging started on 7/14/2014 1:06:00 AM

7/14/2014 1:06:33 AM: 127.0.0.1: 0x1 "Test" ('admin'): I wish to form an alliance
###################################
Logging started on 7/14/2014 1:07:27 AM

7/14/2014 2:47:33 AM: 127.0.0.1: 0xB "Test" ('test'): I wish to form an alliance
7/14/2014 2:47:53 AM: 127.0.0.1: 0xB "Test" ('test'): I wish to form an alliance
###################################
Logging started on 7/14/2014 3:36:43 AM

###################################
Logging started on 7/14/2014 3:53:04 AM

###################################
Logging started on 7/14/2014 3:54:03 AM

7/14/2014 4:01:14 AM: 127.0.0.1: 0x1 "Test" ('admin'): I wish to form an alliance
7/14/2014 4:02:49 AM: 127.0.0.1: 0xB "Test" ('test'): I wish to form an alliance
7/14/2014 4:03:05 AM: 127.0.0.1: 0x1 "Test" ('admin'): I wish to form an alliance
###################################
Logging started on 7/14/2014 4:03:22 AM

###################################
Logging started on 7/14/2014 4:07:11 AM

###################################
Logging started on 7/14/2014 9:43:51 PM

