###################################
Logging started on 12/9/2013 4:46:38 AM

###################################
Logging started on 12/9/2013 4:52:30 AM

###################################
Logging started on 12/9/2013 5:27:33 AM

###################################
Logging started on 12/9/2013 5:35:22 AM

###################################
Logging started on 12/9/2013 5:37:31 AM

12/9/2013 5:38:38 AM: 127.0.0.1: 0x1 "Test" ('Administrator'): Test
12/9/2013 5:41:42 AM: 127.0.0.1: 0x1 "Test" ('Administrator'): [heal
12/9/2013 5:41:45 AM: 127.0.0.1: 0x1 "Test" ('Administrator'): [heal
12/9/2013 5:41:48 AM: 127.0.0.1: 0x1 "Test" ('Administrator'): [heal
12/9/2013 5:42:06 AM: 127.0.0.1: 0x1 "Test" ('Administrator'): [heal
12/9/2013 5:42:20 AM: 127.0.0.1: 0x1 "Test" ('Administrator'): Test
12/9/2013 5:42:26 AM: 127.0.0.1: 0x1 "Test" ('Administrator'): Test
12/9/2013 5:42:31 AM: 127.0.0.1: 0x1 "Test" ('Administrator'): Test
12/9/2013 5:42:39 AM: 127.0.0.1: 0x1 "Test" ('Administrator'): Test
###################################
Logging started on 12/9/2013 6:05:11 AM

###################################
Logging started on 12/9/2013 6:16:12 AM

###################################
Logging started on 12/9/2013 6:19:38 AM

###################################
Logging started on 12/9/2013 6:40:10 AM

###################################
Logging started on 12/9/2013 6:45:46 AM

12/9/2013 6:47:43 AM: 127.0.0.1: 0x1 "Test" ('Administrator'): ]tele
###################################
Logging started on 12/9/2013 6:57:11 AM

###################################
Logging started on 12/9/2013 7:04:51 AM

###################################
Logging started on 12/9/2013 8:35:36 PM

###################################
Logging started on 12/9/2013 9:06:10 PM

