###################################
Logging started on 11/23/2013 1:23:13 AM

11/23/2013 1:24:09 AM: 127.0.0.1: 0x1 "Test" ('Enroq'): [heal
###################################
Logging started on 11/23/2013 1:32:27 AM

###################################
Logging started on 11/23/2013 1:42:25 AM

###################################
Logging started on 11/23/2013 1:55:17 AM

###################################
Logging started on 11/23/2013 1:57:33 AM

###################################
Logging started on 11/23/2013 1:59:14 AM

###################################
Logging started on 11/23/2013 2:03:25 AM

###################################
Logging started on 11/23/2013 4:40:14 AM

###################################
Logging started on 11/23/2013 9:37:15 PM

11/23/2013 9:43:25 PM: 127.0.0.1: 0x1 "Test" ('Admin'): [heal\
11/23/2013 9:43:28 PM: 127.0.0.1: 0x1 "Test" ('Admin'): [heal
11/23/2013 9:44:07 PM: 127.0.0.1: 0x1 "Test" ('Admin'): [addtopack arrow 100
11/23/2013 9:44:10 PM: 127.0.0.1: 0x1 "Test" ('Admin'): [heal
11/23/2013 9:47:06 PM: 127.0.0.1: 0x1 "Test" ('Admin'): [heal
11/23/2013 10:03:40 PM: 127.0.0.1: 0x1 "Test" ('Admin'): phe
###################################
Logging started on 11/23/2013 10:09:41 PM

