###################################
Logging started on 7/19/2014 11:13:06 AM

###################################
Logging started on 7/19/2014 11:13:52 AM

###################################
Logging started on 7/19/2014 11:15:51 AM

###################################
Logging started on 7/19/2014 11:18:33 AM

###################################
Logging started on 7/19/2014 11:19:39 AM

###################################
Logging started on 7/19/2014 11:30:26 AM

###################################
Logging started on 7/19/2014 11:34:13 AM

###################################
Logging started on 7/19/2014 11:36:27 AM

###################################
Logging started on 7/19/2014 11:48:02 AM

###################################
Logging started on 7/19/2014 11:49:39 AM

###################################
Logging started on 7/19/2014 11:54:06 AM

###################################
Logging started on 7/19/2014 12:10:36 PM

###################################
Logging started on 7/19/2014 12:12:00 PM

###################################
Logging started on 7/19/2014 12:17:29 PM

###################################
Logging started on 7/19/2014 12:21:43 PM

###################################
Logging started on 7/19/2014 12:45:03 PM

###################################
Logging started on 7/19/2014 12:49:02 PM

###################################
Logging started on 7/19/2014 12:54:44 PM

###################################
Logging started on 7/19/2014 12:58:01 PM

###################################
Logging started on 7/19/2014 1:00:57 PM

###################################
Logging started on 7/19/2014 1:14:54 PM

###################################
Logging started on 7/19/2014 1:16:22 PM

###################################
Logging started on 7/19/2014 1:19:03 PM

###################################
Logging started on 7/19/2014 3:19:38 PM

7/19/2014 3:20:53 PM: 127.0.0.1: 0x1 "Test" ('admin'): I wish to form an alliance
###################################
Logging started on 7/19/2014 3:47:01 PM

7/19/2014 3:48:01 PM: 127.0.0.1: 0x1 "Test" ('admin'): I wish to form an alliance
###################################
Logging started on 7/19/2014 3:57:51 PM

###################################
Logging started on 7/19/2014 4:11:20 PM

###################################
Logging started on 7/19/2014 5:30:12 PM

7/19/2014 5:34:54 PM: 127.0.0.1: 0x1 "Test" ('admin'): I wish to form an alliance
7/19/2014 5:37:47 PM: 127.0.0.1: 0xB "Test" ('test'): I wish to form an alliance
7/19/2014 5:38:56 PM: 127.0.0.1: 0x1 "Test" ('admin'): [steallskill
7/19/2014 5:38:59 PM: 127.0.0.1: 0x1 "Test" ('admin'): [setallskills 120
