###################################
Logging started on 10/26/2013 2:19:17 PM

###################################
Logging started on 10/26/2013 2:33:51 PM

###################################
Logging started on 10/26/2013 2:38:20 PM

###################################
Logging started on 10/26/2013 2:39:18 PM

###################################
Logging started on 10/26/2013 2:39:41 PM

###################################
Logging started on 10/26/2013 2:41:38 PM

###################################
Logging started on 10/26/2013 2:41:58 PM

###################################
Logging started on 10/26/2013 2:42:17 PM

###################################
Logging started on 10/26/2013 8:46:53 PM

###################################
Logging started on 10/26/2013 8:49:50 PM

###################################
Logging started on 10/26/2013 9:36:28 PM

###################################
Logging started on 10/26/2013 9:48:47 PM

###################################
Logging started on 10/26/2013 9:49:41 PM

###################################
Logging started on 10/26/2013 9:58:36 PM

###################################
Logging started on 10/26/2013 10:02:46 PM

###################################
Logging started on 10/26/2013 10:07:21 PM

###################################
Logging started on 10/26/2013 10:11:31 PM

10/26/2013 10:12:15 PM: 127.0.0.1: 0x2 "Edenai" ('Enroq'): [set hunger 18
10/26/2013 10:12:59 PM: 127.0.0.1: 0x2 "Edenai" ('Enroq'): [set rawdex 10
###################################
Logging started on 10/26/2013 10:15:17 PM

10/26/2013 10:17:05 PM: 127.0.0.1: 0x14 "Enoch" ('Enroq'): ;jump
10/26/2013 10:18:18 PM: 127.0.0.1: 0x14 "Enoch" ('Enroq'): [set rawdex 50
###################################
Logging started on 10/26/2013 10:28:20 PM

###################################
Logging started on 10/26/2013 10:32:22 PM

###################################
Logging started on 10/26/2013 10:37:48 PM

###################################
Logging started on 10/26/2013 10:41:43 PM

10/26/2013 10:47:10 PM: 192.168.1.144: 0x23 "Iris" ('iraa'): jump
10/26/2013 10:48:15 PM: 127.0.0.1: 0x1A "Egam" ('Enroq'): Hey, You.
10/26/2013 10:48:50 PM: 127.0.0.1: 0x1A "Egam" ('Enroq'): You don't have the map files.
10/26/2013 10:49:53 PM: 127.0.0.1: 0x1A "Egam" ('Enroq'): asfhasdhjfgjlashg
10/26/2013 10:49:54 PM: 127.0.0.1: 0x1A "Egam" ('Enroq'): fsdkgjsfhhjfg
10/26/2013 10:49:54 PM: 127.0.0.1: 0x1A "Egam" ('Enroq'): sdakhgkasd
10/26/2013 10:54:05 PM: 127.0.0.1: 0x1A "Egam" ('Enroq'): [setallskils 100
10/26/2013 10:54:49 PM: 192.168.1.144: 0x23 "Iris" ('iraa'): I NEED THE MAP FILES NIGGAAA!!!
10/26/2013 10:54:54 PM: 192.168.1.144: 0x23 "Iris" ('iraa'): bye...
10/26/2013 11:14:04 PM: 127.0.0.1: 0x1A "Egam" ('Enroq'): [save
###################################
Logging started on 10/26/2013 11:22:29 PM

###################################
Logging started on 10/26/2013 11:30:03 PM

###################################
Logging started on 10/26/2013 11:45:39 PM

10/27/2013 12:15:48 AM: 127.0.0.1: 0x1A "Egam" ('Enroq'): perks
