###################################
Logging started on 4/19/2014 10:11:45 AM

###################################
Logging started on 4/19/2014 10:12:02 AM

###################################
Logging started on 4/19/2014 11:02:38 AM

###################################
Logging started on 4/19/2014 11:42:23 AM

###################################
Logging started on 4/19/2014 11:44:42 AM

###################################
Logging started on 4/19/2014 11:45:53 AM

###################################
Logging started on 4/19/2014 12:35:29 PM

###################################
Logging started on 4/19/2014 12:40:18 PM

###################################
Logging started on 4/19/2014 12:43:44 PM

###################################
Logging started on 4/19/2014 12:46:24 PM

###################################
Logging started on 4/19/2014 12:48:08 PM

###################################
Logging started on 4/19/2014 12:51:35 PM

###################################
Logging started on 4/19/2014 12:55:48 PM

###################################
Logging started on 4/19/2014 12:57:43 PM

###################################
Logging started on 4/19/2014 1:00:26 PM

###################################
Logging started on 4/19/2014 1:05:40 PM

###################################
Logging started on 4/19/2014 1:10:26 PM

###################################
Logging started on 4/19/2014 1:12:07 PM

###################################
Logging started on 4/19/2014 1:19:46 PM

###################################
Logging started on 4/19/2014 1:22:19 PM

###################################
Logging started on 4/19/2014 1:33:40 PM

###################################
Logging started on 4/19/2014 1:49:10 PM

###################################
Logging started on 4/19/2014 1:53:48 PM

###################################
Logging started on 4/19/2014 2:04:18 PM

4/19/2014 2:17:24 PM: 127.0.0.1: 0x4 "test" ('admin'): *jump*
4/19/2014 2:17:27 PM: 127.0.0.1: 0x4 "test" ('admin'): *jump*
###################################
Logging started on 4/19/2014 2:37:41 PM

###################################
Logging started on 4/19/2014 2:41:32 PM

4/19/2014 2:43:44 PM: 127.0.0.1: 0x4 "test" ('admin'): set KOCounts 1
###################################
Logging started on 4/19/2014 3:09:25 PM

###################################
Logging started on 4/19/2014 3:18:33 PM

###################################
Logging started on 4/19/2014 3:21:14 PM

4/19/2014 3:21:27 PM: 127.0.0.1: 0x4 "test" ('admin'): s[elf set r
###################################
Logging started on 4/19/2014 3:27:51 PM

4/19/2014 3:28:45 PM: 127.0.0.1: 0x4 "test" ('admin'): [addtopack ironingot 10
4/19/2014 3:29:39 PM: 127.0.0.1: 0x4 "test" ('admin'): [heal
###################################
Logging started on 4/19/2014 3:38:40 PM

###################################
Logging started on 4/19/2014 3:40:04 PM

###################################
Logging started on 4/19/2014 3:43:11 PM

4/19/2014 6:29:38 PM: 127.0.0.1: 0x4 "test" ('admin'): [addtopack sulfurousash 100
###################################
Logging started on 4/19/2014 8:33:01 PM

###################################
Logging started on 4/19/2014 8:40:41 PM

###################################
Logging started on 4/19/2014 8:45:39 PM

###################################
Logging started on 4/19/2014 8:48:36 PM

###################################
Logging started on 4/19/2014 9:51:46 PM

###################################
Logging started on 4/19/2014 9:54:43 PM

###################################
Logging started on 4/19/2014 9:56:02 PM

###################################
Logging started on 4/19/2014 10:01:30 PM

###################################
Logging started on 4/19/2014 10:10:43 PM

###################################
Logging started on 4/19/2014 10:17:41 PM

###################################
Logging started on 4/19/2014 10:20:36 PM

###################################
Logging started on 4/19/2014 10:22:25 PM

###################################
Logging started on 4/19/2014 10:25:01 PM

###################################
Logging started on 4/19/2014 10:26:33 PM

###################################
Logging started on 4/19/2014 10:28:25 PM

###################################
Logging started on 4/19/2014 10:37:09 PM

###################################
Logging started on 4/19/2014 10:53:10 PM

###################################
Logging started on 4/19/2014 11:18:46 PM

###################################
Logging started on 4/19/2014 11:24:33 PM

###################################
Logging started on 4/19/2014 11:37:09 PM

###################################
Logging started on 4/19/2014 11:39:19 PM

###################################
Logging started on 4/19/2014 11:42:52 PM

###################################
Logging started on 4/19/2014 11:58:05 PM

