###################################
Logging started on 4/20/2014 12:04:01 AM

###################################
Logging started on 4/20/2014 12:06:21 AM

###################################
Logging started on 4/20/2014 12:24:21 AM

###################################
Logging started on 4/20/2014 12:25:21 AM

###################################
Logging started on 4/20/2014 12:43:00 AM

###################################
Logging started on 4/20/2014 12:45:07 AM

###################################
Logging started on 4/20/2014 1:01:41 AM

###################################
Logging started on 4/20/2014 10:07:56 AM

###################################
Logging started on 4/20/2014 11:19:12 AM

###################################
Logging started on 4/20/2014 11:23:01 AM

###################################
Logging started on 4/20/2014 11:28:32 AM

###################################
Logging started on 4/20/2014 11:33:49 AM

###################################
Logging started on 4/20/2014 11:35:30 AM

4/20/2014 11:37:49 AM: 127.0.0.1: 0x1 "Test" ('admin'): [heal
###################################
Logging started on 4/20/2014 11:40:04 AM

###################################
Logging started on 4/20/2014 12:03:42 PM

###################################
Logging started on 4/20/2014 12:06:29 PM

###################################
Logging started on 4/20/2014 1:49:40 PM

###################################
Logging started on 4/20/2014 2:15:25 PM

###################################
Logging started on 4/20/2014 2:34:36 PM

###################################
Logging started on 4/20/2014 2:36:01 PM

###################################
Logging started on 4/20/2014 2:39:08 PM

###################################
Logging started on 4/20/2014 2:41:41 PM

###################################
Logging started on 4/20/2014 2:44:23 PM

###################################
Logging started on 4/20/2014 2:48:16 PM

###################################
Logging started on 4/20/2014 2:51:30 PM

###################################
Logging started on 4/20/2014 2:55:50 PM

###################################
Logging started on 4/20/2014 2:57:41 PM

###################################
Logging started on 4/20/2014 3:00:47 PM

###################################
Logging started on 4/20/2014 3:03:04 PM

###################################
Logging started on 4/20/2014 3:04:42 PM

###################################
Logging started on 4/20/2014 3:06:59 PM

###################################
Logging started on 4/20/2014 3:09:12 PM

###################################
Logging started on 4/20/2014 3:11:01 PM

###################################
Logging started on 4/20/2014 3:13:08 PM

###################################
Logging started on 4/20/2014 4:58:10 PM

###################################
Logging started on 4/20/2014 5:04:05 PM

###################################
Logging started on 4/20/2014 5:06:42 PM

4/20/2014 5:11:02 PM: 127.0.0.1: 0x1 "Test" ('admin'): [add ogre
###################################
Logging started on 4/20/2014 5:14:15 PM

###################################
Logging started on 4/20/2014 5:29:03 PM

###################################
Logging started on 4/20/2014 5:29:40 PM

###################################
Logging started on 4/20/2014 5:30:32 PM

###################################
Logging started on 4/20/2014 5:33:24 PM

###################################
Logging started on 4/20/2014 5:37:40 PM

###################################
Logging started on 4/20/2014 5:39:33 PM

###################################
Logging started on 4/20/2014 5:44:23 PM

4/20/2014 11:24:19 PM: 127.0.0.1: 0x1 "Test" ('admin'): [set hits 200
