###################################
Logging started on 11/3/2013 12:43:59 AM

###################################
Logging started on 11/3/2013 1:08:43 AM

###################################
Logging started on 11/3/2013 1:11:44 AM

###################################
Logging started on 11/3/2013 2:00:22 AM

###################################
Logging started on 11/3/2013 2:43:10 AM

###################################
Logging started on 11/3/2013 2:51:32 AM

###################################
Logging started on 11/3/2013 2:56:15 AM

###################################
Logging started on 11/3/2013 3:00:40 AM

###################################
Logging started on 11/3/2013 3:03:49 AM

###################################
Logging started on 11/3/2013 3:12:15 AM

###################################
Logging started on 11/3/2013 10:57:35 AM

###################################
Logging started on 11/3/2013 2:48:37 PM

###################################
Logging started on 11/3/2013 2:54:07 PM

###################################
Logging started on 11/3/2013 3:07:12 PM

###################################
Logging started on 11/3/2013 3:09:55 PM

###################################
Logging started on 11/3/2013 3:12:59 PM

###################################
Logging started on 11/3/2013 4:37:00 PM

11/3/2013 4:40:55 PM: 127.0.0.1: 0x2 "Eidenai" ('Enroq'): [heal
###################################
Logging started on 11/3/2013 5:18:40 PM

###################################
Logging started on 11/3/2013 5:21:32 PM

11/3/2013 5:23:58 PM: 127.0.0.1: 0x2 "Eidenai" ('Enroq'): [set amount 2000
###################################
Logging started on 11/3/2013 5:30:58 PM

###################################
Logging started on 11/3/2013 5:33:02 PM

###################################
Logging started on 11/3/2013 5:34:48 PM

###################################
Logging started on 11/3/2013 5:36:20 PM

###################################
Logging started on 11/3/2013 5:39:32 PM

###################################
Logging started on 11/3/2013 5:42:46 PM

###################################
Logging started on 11/3/2013 5:47:02 PM

###################################
Logging started on 11/3/2013 5:48:48 PM

###################################
Logging started on 11/3/2013 5:49:53 PM

###################################
Logging started on 11/3/2013 5:53:26 PM

###################################
Logging started on 11/3/2013 6:01:24 PM

###################################
Logging started on 11/3/2013 6:07:41 PM

###################################
Logging started on 11/3/2013 6:15:42 PM

###################################
Logging started on 11/3/2013 6:17:08 PM

###################################
Logging started on 11/3/2013 6:24:18 PM

###################################
Logging started on 11/3/2013 6:26:35 PM

###################################
Logging started on 11/3/2013 6:30:49 PM

###################################
Logging started on 11/3/2013 6:31:20 PM

###################################
Logging started on 11/3/2013 6:32:32 PM

###################################
Logging started on 11/3/2013 6:38:04 PM

###################################
Logging started on 11/3/2013 9:08:55 PM

###################################
Logging started on 11/3/2013 9:19:49 PM

###################################
Logging started on 11/3/2013 9:23:07 PM

###################################
Logging started on 11/3/2013 9:25:50 PM

###################################
Logging started on 11/3/2013 9:28:51 PM

###################################
Logging started on 11/3/2013 9:34:07 PM

###################################
Logging started on 11/3/2013 9:37:10 PM

###################################
Logging started on 11/3/2013 9:41:13 PM

###################################
Logging started on 11/3/2013 10:10:52 PM

###################################
Logging started on 11/3/2013 10:14:03 PM

###################################
Logging started on 11/3/2013 10:20:52 PM

###################################
Logging started on 11/3/2013 10:26:25 PM

###################################
Logging started on 11/3/2013 10:39:09 PM

###################################
Logging started on 11/3/2013 10:41:09 PM

###################################
Logging started on 11/3/2013 10:45:26 PM

###################################
Logging started on 11/3/2013 11:13:52 PM

###################################
Logging started on 11/3/2013 11:16:19 PM

###################################
Logging started on 11/3/2013 11:23:01 PM

###################################
Logging started on 11/3/2013 11:26:02 PM

