###################################
Logging started on 7/27/2014 11:31:02 AM

7/27/2014 11:32:07 AM: 127.0.0.1: 0x1 "Test" ('admin'): I wish to form an alliance
###################################
Logging started on 7/27/2014 11:46:33 AM

7/27/2014 11:49:56 AM: 127.0.0.1: 0x1 "Test" ('admin'): I wish to form an alliance
###################################
Logging started on 7/27/2014 12:00:27 PM

7/27/2014 12:02:38 PM: 127.0.0.1: 0x1 "Test" ('admin'): I wish to form an alliance
7/27/2014 12:04:41 PM: 127.0.0.1: 0x1 "Test" ('admin'): [save
###################################
Logging started on 7/27/2014 12:08:23 PM

7/27/2014 12:09:38 PM: 127.0.0.1: 0x1 "Test" ('admin'): I wish to form an alliance
7/27/2014 12:11:13 PM: 127.0.0.1: 0x1 "Test" ('admin'): [save
###################################
Logging started on 7/27/2014 12:12:31 PM

###################################
Logging started on 7/27/2014 12:18:50 PM

7/27/2014 12:19:35 PM: 127.0.0.1: 0x1 "Test" ('admin'): I wish to form an alliance
###################################
Logging started on 7/27/2014 12:32:40 PM

7/27/2014 12:34:03 PM: 127.0.0.1: 0x1 "Test" ('admin'): I wish to form an alliance
###################################
Logging started on 7/27/2014 12:39:54 PM

###################################
Logging started on 7/27/2014 12:47:21 PM

###################################
Logging started on 7/27/2014 12:52:09 PM

###################################
Logging started on 7/27/2014 12:56:03 PM

###################################
Logging started on 7/27/2014 1:03:49 PM

7/27/2014 1:06:02 PM: 127.0.0.1: 0x1 "Test" ('admin'): I wish to form an alliance
###################################
Logging started on 7/27/2014 1:11:14 PM

###################################
Logging started on 7/27/2014 1:18:49 PM

###################################
Logging started on 7/27/2014 1:28:51 PM

7/27/2014 1:38:01 PM: 127.0.0.1: 0x1 "Test" ('admin'): I wish to form an alliance
###################################
Logging started on 7/27/2014 1:39:57 PM

###################################
Logging started on 7/27/2014 1:42:30 PM

7/27/2014 1:43:00 PM: 127.0.0.1: 0x1 "Test" ('admin'): I wish to form an alliance
###################################
Logging started on 7/27/2014 1:45:44 PM

###################################
Logging started on 7/27/2014 1:49:14 PM

7/27/2014 1:50:10 PM: 127.0.0.1: 0x1 "Test" ('admin'): I wish to form an alliance
###################################
Logging started on 7/27/2014 1:53:06 PM

###################################
Logging started on 7/27/2014 2:31:12 PM

###################################
Logging started on 7/27/2014 2:33:23 PM

7/27/2014 2:34:06 PM: 127.0.0.1: 0x1 "Test" ('admin'): I wish to form an alliance
###################################
Logging started on 7/27/2014 2:39:10 PM

###################################
Logging started on 7/27/2014 2:42:46 PM

###################################
Logging started on 7/27/2014 2:44:03 PM

###################################
Logging started on 7/27/2014 2:46:36 PM

###################################
Logging started on 7/27/2014 2:49:22 PM

7/27/2014 2:51:48 PM: 127.0.0.1: 0x1 "Test" ('admin'): [alliances
###################################
Logging started on 7/27/2014 3:00:11 PM

###################################
Logging started on 7/27/2014 3:03:36 PM

###################################
Logging started on 7/27/2014 3:07:49 PM

###################################
Logging started on 7/27/2014 3:09:26 PM

7/27/2014 3:11:02 PM: 127.0.0.1: 0x2 "test" ('admin'): I wish to form an alliance
###################################
Logging started on 7/27/2014 3:13:25 PM

###################################
Logging started on 7/27/2014 3:17:06 PM

###################################
Logging started on 7/27/2014 3:19:36 PM

7/27/2014 3:20:39 PM: 127.0.0.1: 0x2 "test" ('admin'): I wish to form an alliance
7/27/2014 3:24:09 PM: 127.0.0.1: 0x2 "test" ('admin'): I wish to form an alliance
###################################
Logging started on 7/27/2014 3:39:29 PM

###################################
Logging started on 7/27/2014 3:48:12 PM

7/27/2014 3:50:38 PM: 127.0.0.1: 0x2 "test" ('admin'): [alliances
###################################
Logging started on 7/27/2014 4:25:24 PM

###################################
Logging started on 7/27/2014 5:22:52 PM

7/27/2014 5:26:39 PM: 127.0.0.1: 0x2 "test" ('admin'): [[props
7/27/2014 5:26:41 PM: 127.0.0.1: 0x2 "test" ('admin'): [props
###################################
Logging started on 7/27/2014 5:42:11 PM

###################################
Logging started on 7/27/2014 6:01:38 PM

###################################
Logging started on 7/27/2014 6:58:36 PM

###################################
Logging started on 7/27/2014 8:05:37 PM

