###################################
Logging started on 11/7/2013 2:20:43 PM

###################################
Logging started on 11/7/2013 2:21:10 PM

###################################
Logging started on 11/7/2013 2:23:21 PM

###################################
Logging started on 11/7/2013 2:27:30 PM

###################################
Logging started on 11/7/2013 2:28:51 PM

###################################
Logging started on 11/7/2013 2:31:20 PM

###################################
Logging started on 11/7/2013 2:31:56 PM

###################################
Logging started on 11/7/2013 2:32:47 PM

###################################
Logging started on 11/7/2013 2:33:31 PM

###################################
Logging started on 11/7/2013 2:35:06 PM

###################################
Logging started on 11/7/2013 2:36:15 PM

###################################
Logging started on 11/7/2013 2:43:43 PM

###################################
Logging started on 11/7/2013 2:59:29 PM

###################################
Logging started on 11/7/2013 4:11:58 PM

###################################
Logging started on 11/7/2013 4:22:47 PM

11/7/2013 4:28:03 PM: 127.0.0.1: 0x3 "Egam" ('Enroq'): [setallskills 200
###################################
Logging started on 11/7/2013 4:29:49 PM

###################################
Logging started on 11/7/2013 4:45:24 PM

11/7/2013 4:46:55 PM: 127.0.0.1: 0x3 "Egam" ('Enroq'): [perkadmin
###################################
Logging started on 11/7/2013 5:28:07 PM

11/7/2013 5:34:18 PM: 127.0.0.1: 0x3 "Egam" ('Enroq'): h
11/7/2013 5:36:43 PM: 127.0.0.1: 0x3 "Egam" ('Enroq'): [scout
###################################
Logging started on 11/7/2013 6:08:19 PM

###################################
Logging started on 11/7/2013 7:29:12 PM

###################################
Logging started on 11/7/2013 7:32:51 PM

###################################
Logging started on 11/7/2013 7:36:05 PM

###################################
Logging started on 11/7/2013 7:49:39 PM

###################################
Logging started on 11/7/2013 7:55:49 PM

11/7/2013 7:58:46 PM: 127.0.0.1: 0x3 "Egam" ('Enroq'): [dupe
11/7/2013 8:01:19 PM: 127.0.0.1: 0x3 "Egam" ('Enroq'): [setallskills 100
11/7/2013 8:01:37 PM: 127.0.0.1: 0x3 "Egam" ('Enroq'): [setallskills 0
11/7/2013 8:01:39 PM: 127.0.0.1: 0x3 "Egam" ('Enroq'): [setallskills 0
11/7/2013 8:01:59 PM: 127.0.0.1: 0x3 "Egam" ('Enroq'): [set stam 0
11/7/2013 8:02:15 PM: 127.0.0.1: 0x3 "Egam" ('Enroq'): [set stam 5
11/7/2013 8:02:19 PM: 127.0.0.1: 0x3 "Egam" ('Enroq'): [set stam 5
11/7/2013 8:03:47 PM: 127.0.0.1: 0x3 "Egam" ('Enroq'): [setstam 9
11/7/2013 8:04:59 PM: 127.0.0.1: 0x3 "Egam" ('Enroq'): [set rawdex 10
###################################
Logging started on 11/7/2013 8:07:58 PM

###################################
Logging started on 11/7/2013 8:19:31 PM

###################################
Logging started on 11/7/2013 8:21:24 PM

###################################
Logging started on 11/7/2013 8:24:05 PM

###################################
Logging started on 11/7/2013 8:25:20 PM

###################################
Logging started on 11/7/2013 8:27:09 PM

###################################
Logging started on 11/7/2013 9:03:08 PM

###################################
Logging started on 11/7/2013 9:04:22 PM

###################################
Logging started on 11/7/2013 9:06:34 PM

###################################
Logging started on 11/7/2013 9:08:53 PM

###################################
Logging started on 11/7/2013 9:15:22 PM

###################################
Logging started on 11/7/2013 10:40:01 PM

