###################################
Logging started on 4/24/2014 1:29:31 PM

###################################
Logging started on 4/24/2014 2:38:41 PM

###################################
Logging started on 4/24/2014 2:45:12 PM

###################################
Logging started on 4/24/2014 2:53:19 PM

###################################
Logging started on 4/24/2014 3:14:37 PM

###################################
Logging started on 4/24/2014 3:55:10 PM

4/24/2014 3:58:17 PM: 127.0.0.1: 0x1 "Test" ('admin'): `[calt
4/24/2014 3:58:22 PM: 127.0.0.1: 0x1 "Test" ('admin'): *Jump*
4/24/2014 3:59:02 PM: 127.0.0.1: 0x1 "Test" ('admin'): [addtopack racescroll
4/24/2014 3:59:23 PM: 127.0.0.1: 0x1 "Test" ('admin'): *Jump*
4/24/2014 3:59:24 PM: 127.0.0.1: 0x1 "Test" ('admin'): *Jump*
4/24/2014 3:59:26 PM: 127.0.0.1: 0x1 "Test" ('admin'): *Jump*
###################################
Logging started on 4/24/2014 4:03:04 PM

###################################
Logging started on 4/24/2014 4:08:20 PM

4/24/2014 4:10:21 PM: 127.0.0.1: 0x1 "Test" ('admin'): [remove
###################################
Logging started on 4/24/2014 4:30:57 PM

###################################
Logging started on 4/24/2014 4:33:38 PM

