###################################
Logging started on 11/19/2013 12:42:28 AM

11/19/2013 12:49:50 AM: 127.0.0.1: 0x3 "Egam" ('Enroq'): [speedboost
###################################
Logging started on 11/19/2013 4:40:22 AM

###################################
Logging started on 11/19/2013 1:13:09 PM

11/19/2013 1:50:59 PM: 127.0.0.1: 0x3 "Test" ('Enroq'): all kill
###################################
Logging started on 11/19/2013 2:01:25 PM

11/19/2013 2:05:33 PM: 127.0.0.1: 0x3 "Egam" ('Enroq'): all kill
11/19/2013 2:07:36 PM: 127.0.0.1: 0x3 "Egam" ('Enroq'): set hits 1
11/19/2013 2:12:15 PM: 127.0.0.1: 0x3 "Egam" ('Enroq'): all kill
11/19/2013 2:12:37 PM: 127.0.0.1: 0x3 "Egam" ('Enroq'): all kill
###################################
Logging started on 11/19/2013 3:16:29 PM

###################################
Logging started on 11/19/2013 3:22:55 PM

###################################
Logging started on 11/19/2013 3:24:33 PM

###################################
Logging started on 11/19/2013 3:28:21 PM

###################################
Logging started on 11/19/2013 3:29:48 PM

###################################
Logging started on 11/19/2013 3:37:16 PM

###################################
Logging started on 11/19/2013 3:38:09 PM

###################################
Logging started on 11/19/2013 3:42:32 PM

###################################
Logging started on 11/19/2013 3:49:23 PM

###################################
Logging started on 11/19/2013 4:12:52 PM

###################################
Logging started on 11/19/2013 4:18:27 PM

###################################
Logging started on 11/19/2013 4:20:57 PM

###################################
Logging started on 11/19/2013 4:33:30 PM

###################################
Logging started on 11/19/2013 4:45:57 PM

###################################
Logging started on 11/19/2013 5:02:53 PM

###################################
Logging started on 11/19/2013 5:39:06 PM

###################################
Logging started on 11/19/2013 6:09:15 PM

###################################
Logging started on 11/19/2013 6:13:34 PM

###################################
Logging started on 11/19/2013 6:35:57 PM

###################################
Logging started on 11/19/2013 6:43:14 PM

###################################
Logging started on 11/19/2013 6:46:22 PM

###################################
Logging started on 11/19/2013 6:49:03 PM

###################################
Logging started on 11/19/2013 11:31:35 PM

###################################
Logging started on 11/19/2013 11:36:08 PM

###################################
Logging started on 11/19/2013 11:46:47 PM

