###################################
Logging started on 10/22/2013 12:12:41 AM

###################################
Logging started on 10/22/2013 12:17:37 AM

###################################
Logging started on 10/22/2013 12:34:48 AM

10/22/2013 12:36:56 AM: 127.0.0.1: 0x5 "Test" ('Enroq'): [skills
###################################
Logging started on 10/22/2013 12:47:31 AM

10/22/2013 12:48:23 AM: 127.0.0.1: 0x5 "Test" ('Enroq'): [props
###################################
Logging started on 10/22/2013 12:57:08 AM

###################################
Logging started on 10/22/2013 1:06:26 AM

###################################
Logging started on 10/22/2013 1:30:43 AM

10/22/2013 1:33:02 AM: 127.0.0.1: 0x5 "Test" ('Enroq'): `[add ettin set
10/22/2013 1:33:10 AM: 127.0.0.1: 0x5 "Test" ('Enroq'): [add ettin set hitsmaxseed 5000 hits 500
10/22/2013 1:33:14 AM: 127.0.0.1: 0x5 "Test" ('Enroq'): [add ettin set hitsmaxseed 5000 hits 5000
10/22/2013 2:43:30 AM: 127.0.0.1: 0x5 "Test" ('Enroq'): [save
###################################
Logging started on 10/22/2013 2:43:54 AM

10/22/2013 2:44:40 AM: 127.0.0.1: 0x5 "Test" ('Enroq'): [set hunger 19
10/22/2013 2:49:15 AM: 127.0.0.1: 0x5 "Test" ('Enroq'): [set hunger 0
###################################
Logging started on 10/22/2013 2:50:13 AM

10/22/2013 2:53:42 AM: 127.0.0.1: 0x5 "Test" ('Enroq'): [skillcaps
###################################
Logging started on 10/22/2013 2:55:31 AM

###################################
Logging started on 10/22/2013 2:56:23 AM

###################################
Logging started on 10/22/2013 2:57:54 AM

###################################
Logging started on 10/22/2013 3:00:14 AM

###################################
Logging started on 10/22/2013 3:01:33 AM

10/22/2013 3:05:10 AM: 127.0.0.1: 0x5 "Test" ('Enroq'): [skills
###################################
Logging started on 10/22/2013 3:08:38 AM

###################################
Logging started on 10/22/2013 3:21:17 AM

###################################
Logging started on 10/22/2013 3:25:03 AM

###################################
Logging started on 10/22/2013 3:28:54 AM

###################################
Logging started on 10/22/2013 3:39:20 AM

10/22/2013 3:40:30 AM: 127.0.0.1: 0x1A "Emag" ('Enroq'): [add wine
10/22/2013 3:43:30 AM: 127.0.0.1: 0x1A "Emag" ('Enroq'): [set rawdex 100
###################################
Logging started on 10/22/2013 9:27:10 PM

