###################################
Logging started on 7/29/2014 1:03:42 AM

###################################
Logging started on 7/29/2014 1:05:46 AM

###################################
Logging started on 7/29/2014 1:08:47 AM

7/29/2014 1:09:12 AM: 127.0.0.1: 0x2 "test" ('admin'): I wish to form an alliance
7/29/2014 1:10:02 AM: 127.0.0.1: 0x2 "test" ('admin'): I wish to form an alliance
7/29/2014 1:10:17 AM: 127.0.0.1: 0x2 "test" ('admin'): I wish to form an alliance
###################################
Logging started on 7/29/2014 1:20:28 AM

7/29/2014 1:21:16 AM: 127.0.0.1: 0x3 "test" ('admin'): I wish to form an alliance
7/29/2014 1:25:31 AM: 127.0.0.1: 0x3 "test" ('admin'): [props
###################################
Logging started on 7/29/2014 1:27:35 AM

7/29/2014 1:30:14 AM: 127.0.0.1: 0x3 "test" ('admin'): [save
###################################
Logging started on 7/29/2014 1:49:37 AM

###################################
Logging started on 7/29/2014 1:56:01 AM

###################################
Logging started on 7/29/2014 1:58:16 AM

7/29/2014 1:58:47 AM: 127.0.0.1: 0x1 "test" ('admin'): I wish to form an alliance
###################################
Logging started on 7/29/2014 2:00:36 AM

###################################
Logging started on 7/29/2014 2:04:19 AM

7/29/2014 2:06:04 AM: 127.0.0.1: 0x1 "test" ('admin'): [setallskills 120
###################################
Logging started on 7/29/2014 2:07:30 AM

###################################
Logging started on 7/29/2014 2:09:19 AM

###################################
Logging started on 7/29/2014 2:20:02 AM

###################################
Logging started on 7/29/2014 2:21:28 AM

###################################
Logging started on 7/29/2014 2:22:30 AM

###################################
Logging started on 7/29/2014 2:23:42 AM

###################################
Logging started on 7/29/2014 2:27:59 AM

###################################
Logging started on 7/29/2014 2:29:32 AM

###################################
Logging started on 7/29/2014 1:15:51 PM

###################################
Logging started on 7/29/2014 1:18:47 PM

###################################
Logging started on 7/29/2014 1:19:28 PM

###################################
Logging started on 7/29/2014 1:22:16 PM

###################################
Logging started on 7/29/2014 1:25:41 PM

###################################
Logging started on 7/29/2014 1:40:11 PM

