###################################
Logging started on 4/23/2014 12:03:27 AM

###################################
Logging started on 4/23/2014 12:12:45 AM

4/23/2014 12:13:28 AM: 127.0.0.1: 0x1 "Test" ('admin'): All kill
4/23/2014 12:14:22 AM: 127.0.0.1: 0x1 "Test" ('admin'): All kill
4/23/2014 12:16:00 AM: 127.0.0.1: 0x1 "Test" ('admin'): All kill
4/23/2014 12:17:07 AM: 127.0.0.1: 0x1 "Test" ('admin'): add
4/23/2014 12:17:17 AM: 127.0.0.1: 0x1 "Test" ('admin'): all kill
###################################
Logging started on 4/23/2014 12:40:04 AM

###################################
Logging started on 4/23/2014 12:42:51 AM

###################################
Logging started on 4/23/2014 12:55:56 AM

###################################
Logging started on 4/23/2014 12:57:39 AM

###################################
Logging started on 4/23/2014 12:59:44 AM

###################################
Logging started on 4/23/2014 1:02:12 AM

###################################
Logging started on 4/23/2014 1:04:37 AM

###################################
Logging started on 4/23/2014 1:06:21 AM

###################################
Logging started on 4/23/2014 1:08:36 AM

###################################
Logging started on 4/23/2014 1:11:32 AM

###################################
Logging started on 4/23/2014 1:17:31 AM

###################################
Logging started on 4/23/2014 1:26:51 AM

###################################
Logging started on 4/23/2014 1:32:35 AM

###################################
Logging started on 4/23/2014 1:39:04 AM

###################################
Logging started on 4/23/2014 2:11:46 AM

###################################
Logging started on 4/23/2014 2:42:17 AM

###################################
Logging started on 4/23/2014 2:45:55 AM

###################################
Logging started on 4/23/2014 2:47:03 AM

###################################
Logging started on 4/23/2014 2:48:24 AM

###################################
Logging started on 4/23/2014 3:16:10 AM

###################################
Logging started on 4/23/2014 3:27:27 AM

###################################
Logging started on 4/23/2014 3:54:59 AM

###################################
Logging started on 4/23/2014 3:56:26 AM

###################################
Logging started on 4/23/2014 4:02:55 AM

###################################
Logging started on 4/23/2014 4:05:00 AM

###################################
Logging started on 4/23/2014 4:31:42 AM

###################################
Logging started on 4/23/2014 5:02:28 AM

4/23/2014 5:06:52 AM: 127.0.0.1: 0x1 "Test" ('admin'): 60[heal
###################################
Logging started on 4/23/2014 5:11:16 AM

###################################
Logging started on 4/23/2014 4:11:39 PM

###################################
Logging started on 4/23/2014 5:47:06 PM

###################################
Logging started on 4/23/2014 6:01:52 PM

###################################
Logging started on 4/23/2014 6:06:38 PM

###################################
Logging started on 4/23/2014 6:08:50 PM

4/23/2014 6:13:36 PM: 127.0.0.1: 0x1 "Test" ('admin'): Name Shop
4/23/2014 6:13:38 PM: 127.0.0.1: 0x1 "Test" ('admin'): Name
4/23/2014 6:13:44 PM: 127.0.0.1: 0x1 "Test" ('admin'): Edison
4/23/2014 6:13:51 PM: 127.0.0.1: 0x1 "Test" ('admin'): Vendor control
4/23/2014 6:13:56 PM: 127.0.0.1: 0x1 "Test" ('admin'): edison control
4/23/2014 6:33:50 PM: 127.0.0.1: 0x1 "Test" ('admin'): edison customize
4/23/2014 6:33:53 PM: 127.0.0.1: 0x1 "Test" ('admin'): customize
4/23/2014 6:33:56 PM: 127.0.0.1: 0x1 "Test" ('admin'): see goods
4/23/2014 6:33:59 PM: 127.0.0.1: 0x1 "Test" ('admin'): edison see goods
4/23/2014 7:39:43 PM: 127.0.0.1: 0x1 "Test" ('admin'): edison info
4/23/2014 7:40:55 PM: 127.0.0.1: 0x1 "Test" ('admin'): eidso
4/23/2014 7:40:58 PM: 127.0.0.1: 0x1 "Test" ('admin'): edison info
4/23/2014 7:41:07 PM: 127.0.0.1: 0x1 "Test" ('admin'): edison info
4/23/2014 7:41:22 PM: 127.0.0.1: 0x1 "Test" ('admin'): edison info
4/23/2014 7:41:25 PM: 127.0.0.1: 0x1 "Test" ('admin'): edison info
###################################
Logging started on 4/23/2014 8:00:57 PM

###################################
Logging started on 4/23/2014 8:02:54 PM

###################################
Logging started on 4/23/2014 8:07:30 PM

###################################
Logging started on 4/23/2014 8:10:31 PM

###################################
Logging started on 4/23/2014 9:08:06 PM

###################################
Logging started on 4/23/2014 9:12:36 PM

###################################
Logging started on 4/23/2014 9:24:12 PM

###################################
Logging started on 4/23/2014 9:30:44 PM

###################################
Logging started on 4/23/2014 9:43:12 PM

