###################################
Logging started on 7/30/2014 6:28:43 PM

7/30/2014 6:32:36 PM: 127.0.0.1: 0x1 "test" ('admin'): [alliances
###################################
Logging started on 7/30/2014 6:39:59 PM

###################################
Logging started on 7/30/2014 6:46:20 PM

###################################
Logging started on 7/30/2014 6:49:09 PM

###################################
Logging started on 7/30/2014 6:53:18 PM

###################################
Logging started on 7/30/2014 6:55:36 PM

###################################
Logging started on 7/30/2014 6:57:39 PM

###################################
Logging started on 7/30/2014 7:06:27 PM

###################################
Logging started on 7/30/2014 7:11:51 PM

7/30/2014 7:13:38 PM: 127.0.0.1: 0x1 "test" ('admin'): [save
###################################
Logging started on 7/30/2014 7:14:47 PM

###################################
Logging started on 7/30/2014 7:26:58 PM

###################################
Logging started on 7/30/2014 7:33:35 PM

###################################
Logging started on 7/30/2014 9:13:20 PM

7/30/2014 9:32:08 PM: 127.0.0.1: 0x1 "test" ('admin'): I wish to manage my post
7/30/2014 9:32:49 PM: 127.0.0.1: 0x1 "test" ('admin'): I wish to manage my post
7/30/2014 9:33:03 PM: 127.0.0.1: 0x1 "test" ('admin'): I wish to manage my post
7/30/2014 9:55:43 PM: 127.0.0.1: 0x1 "test" ('admin'): [props
7/30/2014 10:23:33 PM: 127.0.0.1: 0x1 "test" ('admin'): I wish to manage my post
7/30/2014 10:26:39 PM: 127.0.0.1: 0x1 "test" ('admin'): I wish to manage my post
